Reading tree r8s
Executing blformat command...
Branch lengths assumed to be in units of numbers of substitutions per site
Number of sites in sequences set to 10000
All branch lengths multipled by the 10000 sites in the sequence
Branch lengths rounded to nearest integer
(This may not be a good idea when using CALIBRATE on ultrametric user supplied input trees. Use ROUND=NO then)
Defining clade name: LP
Fixing age of LP at 100.000000
 (The age of this node will no longer be estimated.)
 (This command overides any previous age constraints for this node.)
 (The total number of fixed ages is now 1)
5 zero-length branches collapsed
Using DIVTIME with clock (Langley-Fitch) options to obtain an initial guess at rates for PL search
********************* WARNING **********************

ZERO-LENGTH TERMINAL BRANCHES IN TREE: TN will impose small nonzero bounds on parameters to overcome

****************************************************
MinND returned failure in ConstrOpt on initial search (may restart!)
********************* WARNING **********************

ZERO-LENGTH TERMINAL BRANCHES IN TREE: TN will impose small nonzero bounds on parameters to overcome

****************************************************


----------------------------------------


LINEAGE RATE/TIME ANALYSIS FOR TREE r8s

Method = Penalized Likelihood
Smoothing factor = 1.000000
Penalty function = Ancestor-Descendant
Scale for rate penalty = ADDITIVE
Minimum allowed rate = 0.050000 of initial average rate estimate
Minimum allowed duration on 0-length terminal branches = 0.001000 of root's age
Optimization via Truncated-Newton (TN) method with bound constraints

----------------------------------------
Substitution Model
	Rates are equal across sites
Global/Local Search Parameters
	Number of searches from random starts = 1
	Number of restarts after each search = 1
	Local perturbation on restarts = 0.01
	Local fractional tolerance after restarts = 0.01
Optimization parameters set automatically by TN routine
Length of tree input =  254020
Number of taxa  =  145
Number of sites in sequences =  10000

----------------------------------------
Starting optimization (random starting point 1)
...Checking the starting point...(for some barrier constant)...
...Passed...now optimizing...
...Initial solution=163179.325945
......starting perturbation 1
......solution for perturbation 1=163179.325945...best=163179.325945
*** Using analytical formula for gradient in check gradient step ***
...checking gradient of the solution...

	Norm for free parameters in gradient (0.000033) should be less than cutoff (353.726662)
	Checking active constraints for node times only (activeEpsilon=0.001000 and window [actEps*rootage]=0.100000)
	Param	Estimate	Gradient	Active*	Taxon
	[1]	98.350440	-0.000001	0	
	[2]	96.684252	0.000002	0	
	[3]	95.532719	-0.000002	0	
	[4]	0.530788	-0.000000	0	
	[5]	94.705217	0.000005	0	
	[6]	94.383641	-0.000000	0	
	[7]	94.101691	-0.000000	0	
	[8]	93.303742	0.000006	0	
	[9]	92.894180	-0.000001	0	
	[10]	90.962810	0.000002	0	
	[11]	90.080747	0.000003	0	
	[12]	6.231255	0.000000	0	
	[13]	4.034212	0.000000	0	
	[14]	1.455486	0.000000	0	
	[15]	89.671887	0.000003	0	
	[16]	1.761455	-0.000000	0	
	[17]	1.500470	0.000000	0	
	[18]	1.309402	0.000000	0	
	[19]	0.216492	0.000000	0	
	[20]	89.358721	0.000004	0	
	[21]	1.172820	0.000000	0	
	[22]	0.872483	-0.000000	0	
	[23]	0.741874	0.000001	0	
	[24]	0.634940	-0.000001	0	
	[25]	0.258915	0.000001	0	
	[26]	0.594287	0.000000	0	
	[27]	0.269090	0.000000	0	
	[28]	88.907022	0.000004	0	
	[29]	2.496738	0.000000	0	
	[30]	2.116745	0.000004	0	
	[31]	2.062363	-0.000000	0	
	[32]	1.988835	-0.000001	0	
	[33]	1.881186	0.000006	0	
	[34]	1.807153	0.000002	0	
	[35]	1.668535	-0.000001	0	
	[36]	0.487302	0.000005	0	
	[37]	0.459972	0.000002	0	
	[38]	0.401113	-0.000006	0	
	[39]	0.379497	-0.000009	0	
	[40]	0.332311	-0.000006	0	
	[41]	0.299542	0.000012	0	
	[42]	0.212865	0.000001	0	
	[43]	0.277187	0.000009	0	
	[44]	1.491288	0.000004	0	
	[45]	0.659051	0.000012	0	
	[46]	0.527825	-0.000006	0	
	[47]	0.319875	0.000006	0	
	[48]	0.185668	0.000003	0	
	[49]	0.145332	0.000001	0	
	[50]	0.606503	-0.000015	0	
	[51]	0.313001	0.000004	0	
	[52]	1.244083	-0.000002	0	
	[53]	0.949936	0.000001	0	
	[54]	0.471720	0.000000	0	
	[55]	0.219405	-0.000000	0	
	[56]	0.061591	-0.000002	0	
	[57]	5.889809	0.000000	0	
	[58]	83.510594	0.000000	0	
	[59]	72.435904	-0.000000	0	
	[60]	45.129993	-0.000000	0	
	[61]	26.833081	-0.000000	0	
	[62]	5.043240	-0.000000	0	
	[63]	18.667992	0.000000	0	
	[64]	4.407346	-0.000000	0	
	[65]	3.961171	-0.000000	0	
	[66]	51.374418	-0.000000	0	
	[67]	2.818104	-0.000000	0	
	[68]	0.131294	-0.000000	0	
	[69]	0.045542	0.000000	0	
	[70]	2.192153	0.000000	0	
	[71]	43.326421	-0.000000	0	
	[72]	14.193758	0.000000	0	
	[73]	12.061236	-0.000000	0	
	[74]	0.000000	-168.325970	-1	
	[75]	33.348836	-0.000000	0	
	[76]	17.418535	0.000000	0	
	[77]	9.891776	-0.000000	0	
	[78]	1.939786	0.000000	0	
	[79]	6.845151	-0.000000	0	
	[80]	0.257227	0.000001	0	
	[81]	0.171521	0.000001	0	
	[82]	0.532625	0.000000	0	
	[83]	86.207491	0.000000	0	
	[84]	79.746862	-0.000000	0	
	[85]	72.140651	0.000000	0	
	[86]	64.694697	0.000000	0	
	[87]	58.262822	0.000000	0	
	[88]	21.962267	-0.000000	0	
	[89]	18.386362	0.000000	0	
	[90]	53.708646	0.000000	0	
	[91]	50.054791	0.000000	0	
	[92]	45.684507	0.000000	0	
	[93]	32.779625	-0.000000	0	
	[94]	27.430939	0.000000	0	
	[95]	16.730181	-0.000000	0	
	[96]	0.000000	-78.979035	-1	
	[97]	10.824304	0.000000	0	
	[98]	0.000000	-134.437857	-1	
	[99]	28.681868	0.000000	0	
	[100]	25.379046	0.000000	0	
	[101]	22.186877	0.000000	0	
	[102]	20.121219	0.000000	0	
	[103]	16.847529	0.000000	0	
	[104]	6.822229	-0.000000	0	
	[105]	0.000000	-124.676469	-1	
	[106]	0.268416	0.000001	0	
	[107]	43.468046	0.000000	0	
	[108]	20.035232	0.000000	0	
	[109]	17.707525	0.000000	0	
	[110]	36.757191	0.000000	0	
	[111]	0.000000	-53.520441	-1	
	[112]	0.233838	0.000000	0	
	[113]	65.706968	-0.000000	0	
	[114]	48.950467	-0.000000	0	
	[115]	37.715015	0.000000	0	
	[116]	30.270200	0.000000	0	
	[117]	0.000000	-105.731082	-1	
	[118]	74.917259	-0.000000	0	
	[119]	61.663729	-0.000000	0	
	[120]	82.525297	-0.000000	0	
	[121]	0.000000	-98.196497	-1	
	[122]	80.395306	-0.000000	0	
	[123]	36.327535	-0.000000	0	
	[124]	6.578556	0.000000	0	

	Gradients for rate parameters (if any)
	Param	Estimate	Gradient
	[125]	54.488131	0.000000
	[126]	62.627970	0.000000
	[127]	56.881568	-0.000000
	[128]	45.143308	0.000000
	[129]	45.341071	-0.000000
	[130]	44.877914	-0.000000
	[131]	55.239150	0.000000
	[132]	55.161034	0.000000
	[133]	59.196717	0.000000
	[134]	48.796901	0.000000
	[135]	47.046169	0.000000
	[136]	46.937679	0.000000
	[137]	48.131446	0.000000
	[138]	44.929160	-0.000000
	[139]	24.570799	-0.000000
	[140]	22.834654	-0.000000
	[141]	24.614014	-0.000000
	[142]	23.284073	-0.000000
	[143]	25.907500	-0.000000
	[144]	26.820305	-0.000000
	[145]	25.435307	-0.000000
	[146]	54.613808	-0.000001
	[147]	29.595996	-0.000000
	[148]	28.715269	-0.000000
	[149]	29.867565	-0.000000
	[150]	30.462711	-0.000000
	[151]	30.172580	-0.000000
	[152]	31.715589	-0.000000
	[153]	30.664797	-0.000000
	[154]	30.556551	-0.000000
	[155]	30.556551	-0.000000
	[156]	30.912395	-0.000000
	[157]	29.808010	-0.000000
	[158]	29.490334	-0.000000
	[159]	86.426244	0.000000
	[160]	47.862952	-0.000000
	[161]	47.711522	-0.000000
	[162]	48.031226	-0.000000
	[163]	47.889982	-0.000000
	[164]	48.442969	0.000000
	[165]	48.352993	-0.000000
	[166]	48.884621	-0.000000
	[167]	48.867712	0.000000
	[168]	49.081154	0.000000
	[169]	47.275281	-0.000000
	[170]	47.485076	-0.000000
	[171]	47.588313	-0.000000
	[172]	47.902596	-0.000000
	[173]	47.453768	-0.000000
	[174]	47.453768	-0.000000
	[175]	47.187933	-0.000000
	[176]	155.373387	0.000000
	[177]	306.486440	0.000000
	[178]	112.451287	0.000000
	[179]	111.202919	0.000000
	[180]	112.075207	-0.000000
	[181]	112.515204	-0.000000
	[182]	111.631829	-0.000000
	[183]	113.816883	-0.000000
	[184]	116.004369	0.000000
	[185]	118.996624	0.000000
	[186]	122.604931	0.000000
	[187]	123.338919	-0.000000
	[188]	123.152109	0.000000
	[189]	123.727413	0.000000
	[190]	124.238223	0.000000
	[191]	124.150434	0.000000
	[192]	124.769665	0.000000
	[193]	124.636080	0.000000
	[194]	125.405426	0.000000
	[195]	125.287161	0.000000
	[196]	126.079382	-0.000000
	[197]	126.203405	0.000000
	[198]	126.267246	-0.000000
	[199]	126.227689	-0.000000
	[200]	126.562417	0.000000
	[201]	127.108279	-0.000000
	[202]	126.463361	-0.000000
	[203]	123.582390	-0.000000
	[204]	125.193760	0.000000
	[205]	126.705675	0.000000
	[206]	127.238025	-0.000000
	[207]	127.056753	-0.000000
	[208]	127.844356	-0.000000
	[209]	127.684419	-0.000000
	[210]	128.370431	-0.000000
	[211]	128.670844	0.000000
	[212]	128.842662	-0.000000
	[213]	128.734117	-0.000000
	[214]	128.374968	-0.000000
	[215]	126.376149	0.000000
	[216]	127.164170	-0.000000
	[217]	127.476781	-0.000000
	[218]	127.598497	-0.000000
	[219]	127.516334	-0.000000
	[220]	127.273416	0.000000
	[221]	125.991866	0.000000
	[222]	118.253719	0.000000
	[223]	115.063776	0.000000
	[224]	112.871193	-0.000000
	[225]	111.252830	-0.000000
	[226]	111.237816	-0.000000
	[227]	110.961116	0.000000
	[228]	111.502740	0.000000
	[229]	110.782923	-0.000000
	[230]	110.547063	0.000000
	[231]	110.840278	0.000000
	[232]	114.923391	0.000000
	[233]	114.848517	-0.000000
	[234]	114.898112	0.000000
	[235]	114.867317	0.000000
	[236]	114.867317	0.000000
	[237]	114.867317	0.000000
	[238]	114.867317	0.000000
	[239]	114.867317	0.000000
	[240]	114.867317	0.000000
	[241]	115.058524	0.000000
	[242]	114.915178	0.000000
	[243]	37.432999	-0.000000
	[244]	37.240476	0.000000
	[245]	36.925438	0.000000
	[246]	42.335556	-0.000000
	[247]	46.763243	0.000000
	[248]	40.737277	-0.000000
	[249]	34.364703	0.000000
	[250]	36.850328	-0.000000
	[251]	27.438254	-0.000000
	[252]	27.094220	-0.000000
	[253]	26.447944	-0.000000
	[254]	42.401699	-0.000000
	[255]	41.319743	0.000000
	[256]	41.237904	-0.000000
	[257]	41.145456	-0.000000
	[258]	44.110783	0.000000
	[259]	44.639203	-0.000000
	[260]	43.939504	-0.000000
	[261]	55.857798	-0.000000
	[262]	57.561627	0.000000
	[263]	56.532528	-0.000000
	[264]	56.466881	-0.000000
	[265]	56.466881	-0.000000
	[266]	56.615505	-0.000000
	[267]	56.689754	0.000000
	[268]	56.592734	0.000000
	[269]	56.592734	0.000000
	[270]	58.635294	-0.000000
	[271]	58.605667	0.000000
	[272]	59.497290	0.000000
	[273]	60.343364	0.000000
	[274]	61.564960	-0.000000
	[275]	63.299923	0.000000
	[276]	62.963115	-0.000000
	[277]	65.103041	-0.000000
	[278]	60.138341	0.000000
	[279]	60.138341	-0.000000
	[280]	60.138341	-0.000000
	[281]	60.138341	-0.000000
	[282]	62.842072	-0.000000
	[283]	63.138328	0.000000
	[284]	64.439930	0.000000
	[285]	65.876940	-0.000000
	[286]	65.195171	0.000000
	[287]	67.356950	0.000000
	[288]	67.403327	-0.000000
	[289]	67.600073	-0.000000
	[290]	63.798073	-0.000000
	[291]	63.508916	0.000000
	[292]	63.833798	-0.000000
	[293]	63.705184	0.000000
	[294]	63.963141	0.000000
	[295]	64.049123	-0.000000
	[296]	63.963367	-0.000000
	[297]	32.860013	0.000000
	[298]	32.987786	-0.000000
	[299]	32.670223	-0.000000
	[300]	38.873539	-0.000000
	[301]	33.964020	0.000000
	[302]	30.697597	-0.000000
	[303]	32.585912	0.000000
	[304]	36.438646	0.000000
	[305]	33.151446	0.000000
	[306]	27.829728	-0.000000
	[307]	36.217832	-0.000000
	[308]	40.037463	0.000000
	[309]	34.891823	0.000000
	[310]	41.539108	-0.000000
	[311]	40.591712	-0.000000
	[312]	34.884962	-0.000000
	[313]	44.800661	-0.000000
	[314]	42.865297	0.000000
	[315]	38.880004	-0.000000
	[316]	38.691915	-0.000000
	[317]	38.931649	0.000000
	[318]	38.931649	-0.000000
	[319]	38.931649	-0.000000
	[320]	38.329128	-0.000000
	[321]	37.657116	-0.000000
	[322]	38.760547	-0.000000
	[323]	35.686671	0.000000
	[324]	35.686671	-0.000000
	[325]	35.686671	-0.000000
	[326]	35.686671	-0.000000
	[327]	35.686671	-0.000000
	[328]	43.575818	-0.000000
	[329]	45.161589	-0.000000
	[330]	42.940129	-0.000000
	[331]	48.140248	-0.000000
	[332]	43.823929	0.000000
	[333]	54.434730	-0.000000
	[334]	63.712404	0.000000
	[335]	63.284303	-0.000000
	[336]	71.704028	-0.000000
	[337]	70.881733	0.000000
	[338]	70.881733	-0.000000
	[339]	70.881733	-0.000000
	[340]	75.628782	0.000000
	[341]	75.620203	-0.000000
	[342]	75.791442	-0.000000
	[343]	50.555452	-0.000000
	[344]	41.869407	0.000000
	[345]	49.960518	0.000000
	[346]	46.216888	-0.000000
	[347]	54.338107	0.000000
	[348]	52.731089	-0.000000
	[349]	59.321006	-0.000000
	[350]	61.499800	0.000000
	[351]	61.527364	0.000000
	[352]	41.359343	-0.000000
	[353]	28.390976	0.000000
	[354]	26.893674	0.000000
	[355]	27.457514	0.000000
	[356]	27.457514	-0.000000
	[357]	27.457514	-0.000000
	[358]	23.694058	0.000000
	[359]	23.577138	-0.000000
	[360]	23.787334	-0.000000
	[361]	30.825649	0.000000
	[362]	25.044249	-0.000000
	[363]	33.286830	-0.000000
	[364]	28.852693	0.000000
	[365]	29.856662	-0.000000
	[366]	27.502307	0.000000
	[367]	27.502307	-0.000000
	[368]	27.502307	-0.000000
	[369]	27.502307	-0.000000
	[370]	27.502307	-0.000000
	[371]	32.918188	-0.000000
	[372]	24.128090	-0.000000
	[373]	38.871884	0.000000
	[374]	34.360945	-0.000000
	[375]	27.293816	0.000000
	[376]	37.249334	0.000000
	[377]	40.212734	0.000000
	[378]	36.619751	0.000000
	[379]	41.967768	-0.000000
	[380]	31.005852	0.000000
	[381]	46.527491	-0.000000
	[382]	46.527491	0.000000
	[383]	46.527491	0.000000
	[384]	47.942596	0.000000
	[385]	42.330189	0.000000
	[386]	47.260212	0.000000
	[387]	66.409700	-0.000000
	[388]	68.971911	-0.000000
	[389]	68.310346	-0.000000
	[390]	70.077751	-0.000000
	[391]	65.176803	-0.000000
	[392]	44.508059	-0.000000
	[393]	16.403619	0.000000
------------------------------------------------------------------------------
*Key
	+1 = maximum age constraint is reached (gradient may not be 0)
	-1 = minimum age constraint is reached (gradient may not be 0)
	 0 = no constraint present or constraint not reached (gradient should be 0)

	 (note that small gradient values (< |0.035373|) are not examined with respect to active constraints to avoid spurious roundoff issues)

*** Gradient check passed ***

Using optimization from starting point 1 as best estimate

Goodness of fit test for soln. 1 (best): Chi squared = 466031.003539 (df=144)
Objective function value:163179.325945
Likelihood portion of objective function=125806.752335
Penalty portion (divided by smoothing factor):37372.573610

Parameter estimates:

	       1  

Times
p[ 1]	 0.00984  
p[ 2]	 0.00967  
p[ 3]	 0.00955  
p[ 4]	 5.31e-05  
p[ 5]	 0.00947  
p[ 6]	 0.00944  
p[ 7]	 0.00941  
p[ 8]	 0.00933  
p[ 9]	 0.00929  
p[10]	  0.0091  
p[11]	 0.00901  
p[12]	 0.000623  
p[13]	 0.000403  
p[14]	 0.000146  
p[15]	 0.00897  
p[16]	 0.000176  
p[17]	 0.00015  
p[18]	 0.000131  
p[19]	 2.16e-05  
p[20]	 0.00894  
p[21]	 0.000117  
p[22]	 8.72e-05  
p[23]	 7.42e-05  
p[24]	 6.35e-05  
p[25]	 2.59e-05  
p[26]	 5.94e-05  
p[27]	 2.69e-05  
p[28]	 0.00889  
p[29]	 0.00025  
p[30]	 0.000212  
p[31]	 0.000206  
p[32]	 0.000199  
p[33]	 0.000188  
p[34]	 0.000181  
p[35]	 0.000167  
p[36]	 4.87e-05  
p[37]	 4.6e-05  
p[38]	 4.01e-05  
p[39]	 3.79e-05  
p[40]	 3.32e-05  
p[41]	   3e-05  
p[42]	 2.13e-05  
p[43]	 2.77e-05  
p[44]	 0.000149  
p[45]	 6.59e-05  
p[46]	 5.28e-05  
p[47]	 3.2e-05  
p[48]	 1.86e-05  
p[49]	 1.45e-05  
p[50]	 6.07e-05  
p[51]	 3.13e-05  
p[52]	 0.000124  
p[53]	 9.5e-05  
p[54]	 4.72e-05  
p[55]	 2.19e-05  
p[56]	 6.16e-06  
p[57]	 0.000589  
p[58]	 0.00835  
p[59]	 0.00724  
p[60]	 0.00451  
p[61]	 0.00268  
p[62]	 0.000504  
p[63]	 0.00187  
p[64]	 0.000441  
p[65]	 0.000396  
p[66]	 0.00514  
p[67]	 0.000282  
p[68]	 1.31e-05  
p[69]	 4.55e-06  
p[70]	 0.000219  
p[71]	 0.00433  
p[72]	 0.00142  
p[73]	 0.00121  
p[74]	       0  
p[75]	 0.00333  
p[76]	 0.00174  
p[77]	 0.000989  
p[78]	 0.000194  
p[79]	 0.000685  
p[80]	 2.57e-05  
p[81]	 1.72e-05  
p[82]	 5.33e-05  
p[83]	 0.00862  
p[84]	 0.00797  
p[85]	 0.00721  
p[86]	 0.00647  
p[87]	 0.00583  
p[88]	  0.0022  
p[89]	 0.00184  
p[90]	 0.00537  
p[91]	 0.00501  
p[92]	 0.00457  
p[93]	 0.00328  
p[94]	 0.00274  
p[95]	 0.00167  
p[96]	       0  
p[97]	 0.00108  
p[98]	       0  
p[99]	 0.00287  
p[100]	 0.00254  
p[101]	 0.00222  
p[102]	 0.00201  
p[103]	 0.00168  
p[104]	 0.000682  
p[105]	       0  
p[106]	 2.68e-05  
p[107]	 0.00435  
p[108]	   0.002  
p[109]	 0.00177  
p[110]	 0.00368  
p[111]	       0  
p[112]	 2.34e-05  
p[113]	 0.00657  
p[114]	  0.0049  
p[115]	 0.00377  
p[116]	 0.00303  
p[117]	       0  
p[118]	 0.00749  
p[119]	 0.00617  
p[120]	 0.00825  
p[121]	       0  
p[122]	 0.00804  
p[123]	 0.00363  
p[124]	 0.000658  

Rates (substitutions per site per unit time)
p[125]	 0.00545  
p[126]	 0.00626  
p[127]	 0.00569  
p[128]	 0.00451  
p[129]	 0.00453  
p[130]	 0.00449  
p[131]	 0.00552  
p[132]	 0.00552  
p[133]	 0.00592  
p[134]	 0.00488  
p[135]	  0.0047  
p[136]	 0.00469  
p[137]	 0.00481  
p[138]	 0.00449  
p[139]	 0.00246  
p[140]	 0.00228  
p[141]	 0.00246  
p[142]	 0.00233  
p[143]	 0.00259  
p[144]	 0.00268  
p[145]	 0.00254  
p[146]	 0.00546  
p[147]	 0.00296  
p[148]	 0.00287  
p[149]	 0.00299  
p[150]	 0.00305  
p[151]	 0.00302  
p[152]	 0.00317  
p[153]	 0.00307  
p[154]	 0.00306  
p[155]	 0.00306  
p[156]	 0.00309  
p[157]	 0.00298  
p[158]	 0.00295  
p[159]	 0.00864  
p[160]	 0.00479  
p[161]	 0.00477  
p[162]	  0.0048  
p[163]	 0.00479  
p[164]	 0.00484  
p[165]	 0.00484  
p[166]	 0.00489  
p[167]	 0.00489  
p[168]	 0.00491  
p[169]	 0.00473  
p[170]	 0.00475  
p[171]	 0.00476  
p[172]	 0.00479  
p[173]	 0.00475  
p[174]	 0.00475  
p[175]	 0.00472  
p[176]	  0.0155  
p[177]	  0.0306  
p[178]	  0.0112  
p[179]	  0.0111  
p[180]	  0.0112  
p[181]	  0.0113  
p[182]	  0.0112  
p[183]	  0.0114  
p[184]	  0.0116  
p[185]	  0.0119  
p[186]	  0.0123  
p[187]	  0.0123  
p[188]	  0.0123  
p[189]	  0.0124  
p[190]	  0.0124  
p[191]	  0.0124  
p[192]	  0.0125  
p[193]	  0.0125  
p[194]	  0.0125  
p[195]	  0.0125  
p[196]	  0.0126  
p[197]	  0.0126  
p[198]	  0.0126  
p[199]	  0.0126  
p[200]	  0.0127  
p[201]	  0.0127  
p[202]	  0.0126  
p[203]	  0.0124  
p[204]	  0.0125  
p[205]	  0.0127  
p[206]	  0.0127  
p[207]	  0.0127  
p[208]	  0.0128  
p[209]	  0.0128  
p[210]	  0.0128  
p[211]	  0.0129  
p[212]	  0.0129  
p[213]	  0.0129  
p[214]	  0.0128  
p[215]	  0.0126  
p[216]	  0.0127  
p[217]	  0.0127  
p[218]	  0.0128  
p[219]	  0.0128  
p[220]	  0.0127  
p[221]	  0.0126  
p[222]	  0.0118  
p[223]	  0.0115  
p[224]	  0.0113  
p[225]	  0.0111  
p[226]	  0.0111  
p[227]	  0.0111  
p[228]	  0.0112  
p[229]	  0.0111  
p[230]	  0.0111  
p[231]	  0.0111  
p[232]	  0.0115  
p[233]	  0.0115  
p[234]	  0.0115  
p[235]	  0.0115  
p[236]	  0.0115  
p[237]	  0.0115  
p[238]	  0.0115  
p[239]	  0.0115  
p[240]	  0.0115  
p[241]	  0.0115  
p[242]	  0.0115  
p[243]	 0.00374  
p[244]	 0.00372  
p[245]	 0.00369  
p[246]	 0.00423  
p[247]	 0.00468  
p[248]	 0.00407  
p[249]	 0.00344  
p[250]	 0.00369  
p[251]	 0.00274  
p[252]	 0.00271  
p[253]	 0.00264  
p[254]	 0.00424  
p[255]	 0.00413  
p[256]	 0.00412  
p[257]	 0.00411  
p[258]	 0.00441  
p[259]	 0.00446  
p[260]	 0.00439  
p[261]	 0.00559  
p[262]	 0.00576  
p[263]	 0.00565  
p[264]	 0.00565  
p[265]	 0.00565  
p[266]	 0.00566  
p[267]	 0.00567  
p[268]	 0.00566  
p[269]	 0.00566  
p[270]	 0.00586  
p[271]	 0.00586  
p[272]	 0.00595  
p[273]	 0.00603  
p[274]	 0.00616  
p[275]	 0.00633  
p[276]	  0.0063  
p[277]	 0.00651  
p[278]	 0.00601  
p[279]	 0.00601  
p[280]	 0.00601  
p[281]	 0.00601  
p[282]	 0.00628  
p[283]	 0.00631  
p[284]	 0.00644  
p[285]	 0.00659  
p[286]	 0.00652  
p[287]	 0.00674  
p[288]	 0.00674  
p[289]	 0.00676  
p[290]	 0.00638  
p[291]	 0.00635  
p[292]	 0.00638  
p[293]	 0.00637  
p[294]	  0.0064  
p[295]	  0.0064  
p[296]	  0.0064  
p[297]	 0.00329  
p[298]	  0.0033  
p[299]	 0.00327  
p[300]	 0.00389  
p[301]	  0.0034  
p[302]	 0.00307  
p[303]	 0.00326  
p[304]	 0.00364  
p[305]	 0.00332  
p[306]	 0.00278  
p[307]	 0.00362  
p[308]	   0.004  
p[309]	 0.00349  
p[310]	 0.00415  
p[311]	 0.00406  
p[312]	 0.00349  
p[313]	 0.00448  
p[314]	 0.00429  
p[315]	 0.00389  
p[316]	 0.00387  
p[317]	 0.00389  
p[318]	 0.00389  
p[319]	 0.00389  
p[320]	 0.00383  
p[321]	 0.00377  
p[322]	 0.00388  
p[323]	 0.00357  
p[324]	 0.00357  
p[325]	 0.00357  
p[326]	 0.00357  
p[327]	 0.00357  
p[328]	 0.00436  
p[329]	 0.00452  
p[330]	 0.00429  
p[331]	 0.00481  
p[332]	 0.00438  
p[333]	 0.00544  
p[334]	 0.00637  
p[335]	 0.00633  
p[336]	 0.00717  
p[337]	 0.00709  
p[338]	 0.00709  
p[339]	 0.00709  
p[340]	 0.00756  
p[341]	 0.00756  
p[342]	 0.00758  
p[343]	 0.00506  
p[344]	 0.00419  
p[345]	   0.005  
p[346]	 0.00462  
p[347]	 0.00543  
p[348]	 0.00527  
p[349]	 0.00593  
p[350]	 0.00615  
p[351]	 0.00615  
p[352]	 0.00414  
p[353]	 0.00284  
p[354]	 0.00269  
p[355]	 0.00275  
p[356]	 0.00275  
p[357]	 0.00275  
p[358]	 0.00237  
p[359]	 0.00236  
p[360]	 0.00238  
p[361]	 0.00308  
p[362]	  0.0025  
p[363]	 0.00333  
p[364]	 0.00289  
p[365]	 0.00299  
p[366]	 0.00275  
p[367]	 0.00275  
p[368]	 0.00275  
p[369]	 0.00275  
p[370]	 0.00275  
p[371]	 0.00329  
p[372]	 0.00241  
p[373]	 0.00389  
p[374]	 0.00344  
p[375]	 0.00273  
p[376]	 0.00372  
p[377]	 0.00402  
p[378]	 0.00366  
p[379]	  0.0042  
p[380]	  0.0031  
p[381]	 0.00465  
p[382]	 0.00465  
p[383]	 0.00465  
p[384]	 0.00479  
p[385]	 0.00423  
p[386]	 0.00473  
p[387]	 0.00664  
p[388]	  0.0069  
p[389]	 0.00683  
p[390]	 0.00701  
p[391]	 0.00652  
p[392]	 0.00445  
p[393]	 0.00164  

	  PASSED  
__________________
Result codes:
PASSED = OK
FAILED(1) = Optimization routine returned error
FAILED(2) = Solution's gradient was not 0
__________________


Obj->	-163179.326  
[Printing tree 1]

[TREE DESCRIPTION of tree r8s]

tree r8s = (((((Prochlorothrix_hollandica:0.530788,Prochlorothrix_hollandica:0.530788):95.001931,((Anaerolineae_bacterium:94.383641,((((((Ktedonobacterales_bacterium:6.231255,(Ktedonobacterales_bacterium:4.034212,(Ktedonobacterales_bacterium:1.455486,Ktedonobacterales_bacterium:1.455486):2.578726):2.197043):83.849492,((Ktedonobacter_racemifer:1.761455,((Ktedonobacter_racemifer:1.309402,Ktedonobacter_racemifer:1.309402,(Ktedonobacter_racemifer:0.216492,Ktedonobacter_racemifer:0.216492,Ktedonobacter_racemifer:0.216492):1.092910,Ktedonobacter_racemifer:1.309402):0.191067,Ktedonobacter_racemifer:1.500470):0.260985):87.910432,((((Tengunoibacter_tsumagoiensis:0.741874,(Tengunoibacter_tsumagoiensis:0.634940,(Tengunoibacter_tsumagoiensis:0.258915,Tengunoibacter_tsumagoiensis:0.258915):0.376025):0.106934):0.130609,Tengunoibacter_tsumagoiensis:0.872483):0.300337,((Tengunoibacter_tsumagoiensis:0.269090,Tengunoibacter_tsumagoiensis:0.269090,Tengunoibacter_tsumagoiensis:0.269090):0.325197,Tengunoibacter_tsumagoiensis:0.594287):0.578533):88.185901,(Chloroploca_sp:88.907022,(Dictyobacter_kobayashii:2.496738,((Dictyobacter_kobayashii:2.062363,(((((Dictyobacter_alpinus:0.487302,((Dictyobacter_alpinus:0.401113,(Dictyobacter_alpinus:0.379497,(Dictyobacter_alpinus:0.332311,((Dictyobacter_alpinus:0.212865,Dictyobacter_alpinus:0.212865):0.086677,(Dictyobacter_alpinus:0.277187,Dictyobacter_alpinus:0.277187):0.022355):0.032769):0.047186):0.021616):0.058860,Dictyobacter_alpinus:0.459972):0.027330):1.181233,(((Dictyobacter_aurantiacus:0.527825,(Dictyobacter_aurantiacus:0.319875,((Dictyobacter_aurantiacus:0.145332,Dictyobacter_aurantiacus:0.145332):0.040336,Dictyobacter_aurantiacus:0.185668):0.134207):0.207951):0.131226,Dictyobacter_aurantiacus:0.659051,((Dictyobacter_aurantiacus:0.313001,Dictyobacter_aurantiacus:0.313001):0.293502,Dictyobacter_aurantiacus:0.606503):0.052549):0.832237,Dictyobacter_sp:1.491288):0.177246):0.138618,Dictyobacter_kobayashii:1.807153):0.074033,Dictyobacter_kobayashii:1.881186):0.107649,Dictyobacter_kobayashii:1.988835):0.073528):0.054382,((Dictyobacter_kobayashii:0.949936,Dictyobacter_kobayashii:0.949936):0.294148,(Dictyobacter_kobayashii:0.471720,Dictyobacter_kobayashii:0.471720):0.772364):0.872661):0.379993):86.410284,(Ktedonobacteria_bacterium:0.219405,(Ktedonobacteria_bacterium:0.061591,Ktedonobacteria_bacterium:0.061591,Ktedonobacteria_bacterium:0.061591,Ktedonobacteria_bacterium:0.061591,Ktedonobacteria_bacterium:0.061591,Ktedonobacteria_bacterium:0.061591,Ktedonobacteria_bacterium:0.061591,Ktedonobacteria_bacterium:0.061591):0.157814):88.687617):0.451699):0.313166):0.408860):0.882063,(Thermogemmatispora_onikobensis:5.889809,Thermogemmatispora_aurantia:5.889809):85.073001):1.931369,((((Nitrolancetus_hollandicus:26.833081,(Sphaerobacter_thermophilus:5.043240,Sphaerobacter_thermophilus:5.043240):21.789840):18.296913,((Thermomicrobiales_bacterium:4.407346,Thermomicrobiales_bacterium:4.407346):14.260647,(Thermomicrobium_sp:3.961171,Thermomicrobium_sp:3.961171):14.706822):26.462001):27.305911,(((Herpetosiphon_aurantiacus:0.131294,Herpetosiphon_aurantiacus:0.131294,(Herpetosiphon_aurantiacus:0.045542,Herpetosiphon_aurantiacus:0.045542,Herpetosiphon_aurantiacus:0.045542):0.085752):2.686810,(Herpetosiphon_llansteffanense:2.192153,Herpetosiphon_giganteus:2.192153):0.625951):48.556314,(((Kallotenue_sp:12.061236,Kallotenue_sp:12.061236):2.132523,(bacterium_JKG1:0.000000,bacterium_JKG1:0.000000,bacterium_JKG1:0.000000):14.193758):29.132662,(Kouleothrix_aurantiaca:33.348836,((Candidatus_Viridilinea:9.891776,(Candidatus_Chloroploca:1.939786,Chloroploca_sp:1.939786):7.951989):7.526759,(Chloroflexus_islandicus:6.845151,(Chloroflexus_sp:0.257227,(Chloroflexus_sp:0.171521,Chloroflexus_sp:0.171521):0.085705):6.587924):10.573384):15.930301):9.977585):8.047997):21.061486):11.074689,(Thermobaculum_terrenum:0.532625,Thermobaculum_terrenum:0.532625):82.977969):9.383586):0.409562,((((((Anaerolineae_bacterium:21.962267,(Candidatus_Promineofilum:18.386362,Anaerolineaceae_bacterium:18.386362):3.575904):36.300555,((Anaerolineae_bacterium:50.054791,(((((Anaerolineae_bacterium:0.000000,Anaerolineae_bacterium:0.000000):16.730181,(Anaerolineae_bacterium:10.824304,Unclassified_Anaerolineae:10.824304):5.905876):10.700759,(Anaerolineae_bacterium:0.000000,Anaerolineae_bacterium:0.000000,Anaerolineae_bacterium:0.000000,Anaerolineae_bacterium:0.000000):27.430939):5.348686,((Thermanaerothrix_daxensis:25.379046,(Levilinea_saccharolytica:22.186877,((Anaerolineaceae_bacterium:16.847529,((Flexilinea_flocculi:0.000000,Flexilinea_flocculi:0.000000):6.822229,(Anaerolineaceae_bacterium:0.268416,Anaerolineaceae_bacterium:0.268416):6.553813):10.025300):3.273689,Anaerolineales_bacterium:20.121219):2.065659):3.192169):3.302822,Pelolinea_submarina:28.681868):4.097757):12.904882,Roseilinea_sp:45.684507):4.370283):3.653855,((Unclassified_Chloroflexi:20.035232,(Anaerolineaceae_bacterium:17.707525,Unclassified_Chloroflexi:17.707525):2.327708):23.432813,Anaerolineaceae_bacterium:43.468046):10.240600):4.554176):6.431875,(Anaerolineales_bacterium:36.757191,(Anaerolineales_bacterium:0.000000,Anaerolineales_bacterium:0.000000):36.757191):27.937505):7.445955,(bin_251:0.233838,bin_386:0.233838):71.906813):7.606210,(Unclassified_Caldilineae:65.706968,((((Caldilinea_aerophila:0.000000,Caldilinea_aerophila:0.000000,Caldilinea_aerophila:0.000000,Caldilinea_aerophila:0.000000):30.270200,Caldilinea_sp:30.270200):7.444814,Litorilinea_aerophila:37.715015):11.235452,putative_Chloroflexi:48.950467):16.756502):14.039893):6.460629,(Ardenticatena_maritima:74.917259,(Thermomicrobiales_sp:61.663729,Bacterium_sp:61.663729):13.253530):11.290232):7.096251):0.797949,(unclassified_Chloroflexia:82.525297,(Chthonomonas_calidirosea:0.000000,Chthonomonas_calidirosea:0.000000):82.525297):11.576395):0.281949):0.321576,(Chloroploca_sp:80.395306,Kallotenue_sp:80.395306):14.309910):0.827502):1.151533,((Chloroploca_sp:6.578556,Chloroploca_sp:6.578556):29.748978,Candidatus_Viridilinea:36.327535):60.356717):1.666188,Thermomicrobium_sp:98.350440):1.649560,Ga0105875_101:100.000000)LP;
